<?xml version="1.0" encoding="UTF-8"?>
<!-- Generated by org.testng.reporters.JUnitReportReporter -->
<testsuite hostname="Kivanc1Hp" failures="0" tests="1" name="demo.TestNGGroupsDemo" time="0.008" errors="0" timestamp="2020-04-26T01:21:41 EET" skipped="0">
  <testcase classname="demo.TestNGGroupsDemo" name="test1" time="0.008"/>
  <system-out/>
</testsuite> <!-- demo.TestNGGroupsDemo -->
