<?xml version="1.0" encoding="UTF-8"?>
<!-- Generated by org.testng.reporters.JUnitReportReporter -->
<testsuite hostname="Kivanc1Hp" failures="0" tests="3" name="demo.TestNGPriorityDemo" time="0.010" errors="0" timestamp="2020-04-24T23:28:24 EET" skipped="0">
  <testcase classname="demo.TestNGPriorityDemo" name="test2" time="0.002"/>
  <system-out/>
  <testcase classname="demo.TestNGPriorityDemo" name="test3" time="0.001"/>
  <system-out/>
  <testcase classname="demo.TestNGPriorityDemo" name="test1" time="0.007"/>
  <system-out/>
</testsuite> <!-- demo.TestNGPriorityDemo -->
