<?xml version="1.0" encoding="UTF-8"?>
<!-- Generated by org.testng.reporters.JUnitReportReporter -->
<testsuite hostname="Kivanc1Hp" failures="0" tests="1" name="test.Test1_GoogleSearchTestNG" time="7.654" errors="0" timestamp="2020-04-14T23:59:41 EET" skipped="0">
  <testcase classname="test.Test1_GoogleSearchTestNG" name="googleSearch" time="7.654"/>
  <system-out/>
</testsuite> <!-- test.Test1_GoogleSearchTestNG -->
