<?xml version="1.0" encoding="UTF-8"?>
<!-- Generated by org.testng.reporters.JUnitReportReporter -->
<testsuite hostname="Kivanc1Hp" failures="0" tests="2" name="test.ExtentReportsDemoWithTestNG" time="1.899" errors="0" timestamp="2020-04-13T23:16:25 EET" skipped="0">
  <testcase classname="test.ExtentReportsDemoWithTestNG" name="test2" time="0.002"/>
  <system-out/>
  <testcase classname="test.ExtentReportsDemoWithTestNG" name="test1" time="1.897"/>
  <system-out/>
</testsuite> <!-- test.ExtentReportsDemoWithTestNG -->
