<?xml version="1.0" encoding="UTF-8"?>
<!-- Generated by org.testng.reporters.JUnitReportReporter -->
<testsuite hostname="Kivanc1Hp" failures="0" tests="2" name="utils.ExcelDataProvider" time="8.885" errors="0" timestamp="2020-04-22T12:20:56 EET" skipped="0">
  <testcase classname="utils.ExcelDataProvider" name="test1" time="5.314"/>
  <system-out/>
  <testcase classname="utils.ExcelDataProvider" name="test1" time="3.571"/>
  <system-out/>
</testsuite> <!-- utils.ExcelDataProvider -->
