<?xml version="1.0" encoding="UTF-8"?>
<!-- Generated by org.testng.reporters.JUnitReportReporter -->
<testsuite hostname="Kivanc1Hp" failures="0" tests="3" name="listeners.TestNGListenerDemo" time="17.990" errors="0" timestamp="2020-04-23T01:39:56 EET" skipped="1">
  <testcase classname="listeners.TestNGListenerDemo" name="test3" time="0.002">
    <skipped/>
  </testcase> <!-- test3 -->
  <system-out/>
  <testcase classname="listeners.TestNGListenerDemo" name="test2" time="17.980"/>
  <system-out/>
  <testcase classname="listeners.TestNGListenerDemo" name="test1" time="0.008"/>
  <system-out/>
</testsuite> <!-- listeners.TestNGListenerDemo -->
