<?xml version="1.0" encoding="UTF-8"?>
<!-- Generated by org.testng.reporters.JUnitReportReporter -->
<testsuite hostname="Kivanc1Hp" failures="0" tests="2" name="demo.TestNGMultiBrowserDemo" time="16.878" errors="0" timestamp="2020-04-25T00:40:25 EET" skipped="0">
  <testcase classname="demo.TestNGMultiBrowserDemo" name="test1" time="7.613"/>
  <system-out/>
  <testcase classname="demo.TestNGMultiBrowserDemo" name="test1" time="9.265"/>
  <system-out/>
</testsuite> <!-- demo.TestNGMultiBrowserDemo -->
