<?xml version="1.0" encoding="UTF-8"?>
<!-- Generated by org.testng.reporters.JUnitReportReporter -->
<testsuite hostname="Kivanc1Hp" failures="0" tests="1" name="demo.KatalonTestOrnek" time="6.040" errors="0" timestamp="2020-04-26T18:49:52 EET" skipped="0">
  <testcase classname="demo.KatalonTestOrnek" name="testUntitledTestCase" time="6.040"/>
  <system-out/>
</testsuite> <!-- demo.KatalonTestOrnek -->
